sample/build/outputs/logs/manifest-merger-debug-report.txt
-- Merging decision tree log ---
manifest
ADDED from src/main/AndroidManifest.xml:1:1-41:12
	xmlns:android
		ADDED from src/main/AndroidManifest.xml:2:5-63
	package
		ADDED from src/main/AndroidManifest.xml:3:5-57
		INJECTED from src/main/AndroidManifest.xml
		INJECTED from src/main/AndroidManifest.xml
	android:versionName
		INJECTED from src/main/AndroidManifest.xml
		INJECTED from src/main/AndroidManifest.xml
	android:versionCode
		INJECTED from src/main/AndroidManifest.xml
		INJECTED from src/main/AndroidManifest.xml
uses-permission#android.permission.RECORD_AUDIO
ADDED from src/main/AndroidManifest.xml:5:5-70
	android:name
		ADDED from src/main/AndroidManifest.xml:5:22-68
application
ADDED from src/main/AndroidManifest.xml:7:5-39:19
MERGED from [TheMovieDb:library:unspecified] AndroidManifest.xml:12:5-20
MERGED from [com.android.support:support-v4:22.2.1] AndroidManifest.xml:22:5-20
MERGED from [com.android.support:appcompat-v7:22.2.1] AndroidManifest.xml:22:5-20
MERGED from [com.android.support:support-v4:22.2.1] AndroidManifest.xml:22:5-20
MERGED from [com.android.support:cardview-v7:22.2.1] AndroidManifest.xml:22:5-20
MERGED from [com.astuetz:pagerslidingtabstrip:1.0.1] AndroidManifest.xml:4:5-19
MERGED from [com.android.support:support-v4:22.2.1] AndroidManifest.xml:22:5-20
MERGED from [com.android.support:support-v4:22.2.1] AndroidManifest.xml:22:5-20
MERGED from [com.android.support:appcompat-v7:22.2.1] AndroidManifest.xml:22:5-20
MERGED from [com.android.support:support-v4:22.2.1] AndroidManifest.xml:22:5-20
MERGED from [com.android.support:support-v4:22.2.1] AndroidManifest.xml:22:5-20
	android:label
		ADDED from src/main/AndroidManifest.xml:9:9-41
	android:allowBackup
		ADDED from src/main/AndroidManifest.xml:8:9-35
	android:icon
		ADDED from src/main/AndroidManifest.xml:10:9-43
	android:theme
		ADDED from src/main/AndroidManifest.xml:11:9-40
activity#com.blunderer.materialdesignlibrary.sample.MainActivity
ADDED from src/main/AndroidManifest.xml:13:9-19:20
	android:name
		ADDED from src/main/AndroidManifest.xml:13:19-47
intent-filter#android.intent.action.MAIN+android.intent.category.LAUNCHER
ADDED from src/main/AndroidManifest.xml:14:13-18:29
action#android.intent.action.MAIN
ADDED from src/main/AndroidManifest.xml:15:17-68
	android:name
		ADDED from src/main/AndroidManifest.xml:15:25-66
category#android.intent.category.LAUNCHER
ADDED from src/main/AndroidManifest.xml:17:17-76
	android:name
		ADDED from src/main/AndroidManifest.xml:17:27-74
activity#com.blunderer.materialdesignlibrary.sample.cardviews.CardViewNormalActivity
ADDED from src/main/AndroidManifest.xml:20:9-69
	android:name
		ADDED from src/main/AndroidManifest.xml:20:19-67
activity#com.blunderer.materialdesignlibrary.sample.cardviews.CardViewWithLeftImageActivity
ADDED from src/main/AndroidManifest.xml:21:9-76
	android:name
		ADDED from src/main/AndroidManifest.xml:21:19-74
activity#com.blunderer.materialdesignlibrary.sample.cardviews.CardViewWithTopImageActivity
ADDED from src/main/AndroidManifest.xml:22:9-75
	android:name
		ADDED from src/main/AndroidManifest.xml:22:19-73
activity#com.blunderer.materialdesignlibrary.sample.navigationdrawers.NavigationDrawerActivity
ADDED from src/main/AndroidManifest.xml:23:9-79
	android:name
		ADDED from src/main/AndroidManifest.xml:23:19-77
activity#com.blunderer.materialdesignlibrary.sample.navigationdrawers.NavigationDrawerWithAccountsActivity
ADDED from src/main/AndroidManifest.xml:24:9-91
	android:name
		ADDED from src/main/AndroidManifest.xml:24:19-89
activity#com.blunderer.materialdesignlibrary.sample.navigationdrawers.NavigationDrawerWithFullHeightActivity
ADDED from src/main/AndroidManifest.xml:25:9-93
	android:name
		ADDED from src/main/AndroidManifest.xml:25:19-91
activity#com.blunderer.materialdesignlibrary.sample.navigationdrawers.NavigationDrawerWithAccountsAndFullHeightActivity
ADDED from src/main/AndroidManifest.xml:26:9-104
	android:name
		ADDED from src/main/AndroidManifest.xml:26:19-102
activity#com.blunderer.materialdesignlibrary.sample.viewpagers.ViewPagerActivity
ADDED from src/main/AndroidManifest.xml:27:9-65
	android:name
		ADDED from src/main/AndroidManifest.xml:27:19-63
activity#com.blunderer.materialdesignlibrary.sample.viewpagers.ViewPagerWithIndicatorActivity
ADDED from src/main/AndroidManifest.xml:28:9-78
	android:name
		ADDED from src/main/AndroidManifest.xml:28:19-76
activity#com.blunderer.materialdesignlibrary.sample.viewpagers.ViewPagerWithTabsActivity
ADDED from src/main/AndroidManifest.xml:29:9-73
	android:name
		ADDED from src/main/AndroidManifest.xml:29:19-71
activity#com.blunderer.materialdesignlibrary.sample.viewpagers.ViewPagerWithTabsExpandedActivity
ADDED from src/main/AndroidManifest.xml:30:9-81
	android:name
		ADDED from src/main/AndroidManifest.xml:30:19-79
activity#com.blunderer.materialdesignlibrary.sample.listviews.ListViewWithRefreshActivity
ADDED from src/main/AndroidManifest.xml:31:9-74
	android:name
		ADDED from src/main/AndroidManifest.xml:31:19-72
activity#com.blunderer.materialdesignlibrary.sample.listviews.ListViewActivity
ADDED from src/main/AndroidManifest.xml:32:9-63
	android:name
		ADDED from src/main/AndroidManifest.xml:32:19-61
activity#com.blunderer.materialdesignlibrary.sample.listviews.ListViewWithCustomLayoutActivity
ADDED from src/main/AndroidManifest.xml:33:9-79
	android:name
		ADDED from src/main/AndroidManifest.xml:33:19-77
activity#com.blunderer.materialdesignlibrary.sample.scrollviews.ScrollViewActivity
ADDED from src/main/AndroidManifest.xml:34:9-67
	android:name
		ADDED from src/main/AndroidManifest.xml:34:19-65
activity#com.blunderer.materialdesignlibrary.sample.scrollviews.ScrollViewWithRefreshActivity
ADDED from src/main/AndroidManifest.xml:35:9-78
	android:name
		ADDED from src/main/AndroidManifest.xml:35:19-76
activity#com.blunderer.materialdesignlibrary.sample.searchbar.SearchBarActivity
ADDED from src/main/AndroidManifest.xml:36:9-64
	android:name
		ADDED from src/main/AndroidManifest.xml:36:19-62
activity#com.blunderer.materialdesignlibrary.sample.searchbar.SearchBarAutoCompletionActivity
ADDED from src/main/AndroidManifest.xml:37:9-78
	android:name
		ADDED from src/main/AndroidManifest.xml:37:19-76
uses-sdk
INJECTED from src/main/AndroidManifest.xml reason: use-sdk injection requested
MERGED from [TheMovieDb:library:unspecified] AndroidManifest.xml:8:5-10:41
MERGED from [com.android.support:support-v4:22.2.1] AndroidManifest.xml:20:5-43
MERGED from [com.android.support:appcompat-v7:22.2.1] AndroidManifest.xml:20:5-43
MERGED from [com.android.support:support-v4:22.2.1] AndroidManifest.xml:20:5-43
MERGED from [com.android.support:cardview-v7:22.2.1] AndroidManifest.xml:20:5-43
MERGED from [com.astuetz:pagerslidingtabstrip:1.0.1] AndroidManifest.xml:2:5-72
MERGED from [com.android.support:support-v4:22.2.1] AndroidManifest.xml:20:5-43
MERGED from [fr.baloomba:viewpagerindicator:2.4.2] AndroidManifest.xml:7:5-9:41
MERGED from [com.android.support:support-v4:22.2.1] AndroidManifest.xml:20:5-43
MERGED from [tk.zielony:carbon:0.6.0] AndroidManifest.xml:7:5-9:41
MERGED from [com.android.support:appcompat-v7:22.2.1] AndroidManifest.xml:20:5-43
MERGED from [com.android.support:support-v4:22.2.1] AndroidManifest.xml:20:5-43
MERGED from [com.android.support:support-v4:22.2.1] AndroidManifest.xml:20:5-43
MERGED from [com.joooonho:selectableroundedimageview:1.0.1] AndroidManifest.xml:7:5-9:41
	android:targetSdkVersion
		INJECTED from src/main/AndroidManifest.xml
		INJECTED from src/main/AndroidManifest.xml
	android:minSdkVersion
		INJECTED from src/main/AndroidManifest.xml
		INJECTED from src/main/AndroidManifest.xml